<?xml version="1.0" encoding="UTF-8"?>
<!-- Generated by org.testng.reporters.JUnitXMLReporter -->
<testsuite hostname="DESKTOP-QK61G4J" ignored="0" name="Command line test" tests="6" failures="0" timestamp="2021-06-24T18:41:19 IST" time="0.061" errors="0">
  <testcase name="Apps" time="0.006" classname="udemy.Mavenjava.AppiumTest"/>
  <testcase name="MobileApplication" time="0.001" classname="udemy.Mavenjava.AppiumTest"/>
  <testcase name="SystemFriendly" time="0.0" classname="udemy.Mavenjava.RestAPITest"/>
  <testcase name="UserFriendly" time="0.001" classname="udemy.Mavenjava.RestAPITest"/>
  <testcase name="BrowserAutomation" time="0.0" classname="udemy.Mavenjava.SeleniumTest"/>
  <testcase name="ElementsUI" time="0.0" classname="udemy.Mavenjava.SeleniumTest"/>
</testsuite> <!-- Command line test -->
