<?xml version="1.0" encoding="UTF-8"?>
<!-- Generated by org.testng.reporters.JUnitXMLReporter -->
<testsuite hostname="DESKTOP-QK61G4J" ignored="0" name="Test" tests="4" failures="0" timestamp="2021-06-24T18:42:55 IST" time="0.062" errors="0">
  <testcase name="SystemFriendly" time="0.006" classname="udemy.Mavenjava.RestAPITest"/>
  <testcase name="UserFriendly" time="0.0" classname="udemy.Mavenjava.RestAPITest"/>
  <testcase name="BrowserAutomation" time="0.001" classname="udemy.Mavenjava.SeleniumTest"/>
  <testcase name="ElementsUI" time="0.0" classname="udemy.Mavenjava.SeleniumTest"/>
</testsuite> <!-- Test -->
