<?xml version="1.0" encoding="UTF-8"?>
<testng-results skipped="0" failed="0" ignored="0" total="4" passed="4">
  <reporter-output>
  </reporter-output>
  <suite name="Suite" duration-ms="62" started-at="2021-06-24T18:42:55 IST" finished-at="2021-06-24T18:42:55 IST">
    <groups>
    </groups>
    <test name="Test" duration-ms="62" started-at="2021-06-24T18:42:55 IST" finished-at="2021-06-24T18:42:55 IST">
      <class name="udemy.Mavenjava.SeleniumTest">
        <test-method status="PASS" signature="BrowserAutomation()[pri:0, instance:udemy.Mavenjava.SeleniumTest@7d907bac]" name="BrowserAutomation" duration-ms="1" started-at="2021-06-24T18:42:55 IST" finished-at="2021-06-24T18:42:55 IST">
          <reporter-output>
          </reporter-output>
        </test-method> <!-- BrowserAutomation -->
        <test-method status="PASS" signature="ElementsUI()[pri:0, instance:udemy.Mavenjava.SeleniumTest@7d907bac]" name="ElementsUI" duration-ms="0" started-at="2021-06-24T18:42:55 IST" finished-at="2021-06-24T18:42:55 IST">
          <reporter-output>
          </reporter-output>
        </test-method> <!-- ElementsUI -->
      </class> <!-- udemy.Mavenjava.SeleniumTest -->
      <class name="udemy.Mavenjava.RestAPITest">
        <test-method status="PASS" signature="SystemFriendly()[pri:0, instance:udemy.Mavenjava.RestAPITest@67784306]" name="SystemFriendly" duration-ms="6" started-at="2021-06-24T18:42:55 IST" finished-at="2021-06-24T18:42:55 IST">
          <reporter-output>
          </reporter-output>
        </test-method> <!-- SystemFriendly -->
        <test-method status="PASS" signature="UserFriendly()[pri:0, instance:udemy.Mavenjava.RestAPITest@67784306]" name="UserFriendly" duration-ms="0" started-at="2021-06-24T18:42:55 IST" finished-at="2021-06-24T18:42:55 IST">
          <reporter-output>
          </reporter-output>
        </test-method> <!-- UserFriendly -->
      </class> <!-- udemy.Mavenjava.RestAPITest -->
    </test> <!-- Test -->
  </suite> <!-- Suite -->
</testng-results>
