<?xml version="1.0" encoding="UTF-8"?>
<testng-results skipped="0" failed="0" ignored="0" total="2" passed="2">
  <reporter-output>
  </reporter-output>
  <suite name="Default suite" duration-ms="214" started-at="2021-06-23T22:35:22 IST" finished-at="2021-06-23T22:35:22 IST">
    <groups>
    </groups>
    <test name="Default test" duration-ms="214" started-at="2021-06-23T22:35:22 IST" finished-at="2021-06-23T22:35:22 IST">
      <class name="udemy.Mavenjava.RestAPITest">
        <test-method status="PASS" signature="SystemFriendly()[pri:0, instance:udemy.Mavenjava.RestAPITest@1d16f93d]" name="SystemFriendly" duration-ms="20" started-at="2021-06-23T22:35:22 IST" finished-at="2021-06-23T22:35:22 IST">
          <reporter-output>
          </reporter-output>
        </test-method> <!-- SystemFriendly -->
        <test-method status="PASS" signature="UserFriendly()[pri:0, instance:udemy.Mavenjava.RestAPITest@1d16f93d]" name="UserFriendly" duration-ms="43" started-at="2021-06-23T22:35:22 IST" finished-at="2021-06-23T22:35:22 IST">
          <reporter-output>
          </reporter-output>
        </test-method> <!-- UserFriendly -->
      </class> <!-- udemy.Mavenjava.RestAPITest -->
    </test> <!-- Default test -->
  </suite> <!-- Default suite -->
</testng-results>
